[INFO] Scanning for projects...
[INFO] 
[INFO] -------------------< vn.io.arda:arda-shared-kernel >--------------------
[INFO] Building arda-shared-kernel 0.0.1-SNAPSHOT
[INFO]   from pom.xml
[INFO] --------------------------------[ jar ]---------------------------------
[INFO] 
[INFO] --- clean:3.4.1:clean (default-clean) @ arda-shared-kernel ---
[INFO] Deleting D:\Github\arda.io.vn\arda-shared-kernel\target
[INFO] 
[INFO] --- resources:3.3.1:resources (default-resources) @ arda-shared-kernel ---
[INFO] Copying 2 resources from src\main\resources to target\classes
[INFO] Copying 1 resource from src\main\resources to target\classes
[INFO] 
[INFO] --- compiler:3.14.1:compile (default-compile) @ arda-shared-kernel ---
[INFO] Recompiling the module because of changed source code.
[INFO] Compiling 77 source files with javac [debug parameters release 21] to target\classes
[INFO] /D:/Github/arda.io.vn/arda-shared-kernel/src/main/java/vn/io/arda/shared/security/annotation/EnableArdaSecurity.java: D:\Github\arda.io.vn\arda-shared-kernel\src\main\java\vn\io\arda\shared\security\annotation\EnableArdaSecurity.java uses or overrides a deprecated API.
[INFO] /D:/Github/arda.io.vn/arda-shared-kernel/src/main/java/vn/io/arda/shared/security/annotation/EnableArdaSecurity.java: Recompile with -Xlint:deprecation for details.
[INFO] /D:/Github/arda.io.vn/arda-shared-kernel/src/main/java/vn/io/arda/shared/multitenant/datasource/TenantConnectionProvider.java: D:\Github\arda.io.vn\arda-shared-kernel\src\main\java\vn\io\arda\shared\multitenant\datasource\TenantConnectionProvider.java uses unchecked or unsafe operations.
[INFO] /D:/Github/arda.io.vn/arda-shared-kernel/src/main/java/vn/io/arda/shared/multitenant/datasource/TenantConnectionProvider.java: Recompile with -Xlint:unchecked for details.
[INFO] -------------------------------------------------------------
[ERROR] COMPILATION ERROR : 
[INFO] -------------------------------------------------------------
[ERROR] /D:/Github/arda.io.vn/arda-shared-kernel/src/main/java/vn/io/arda/shared/multitenant/service/CentralPlatformTenantService.java:[89,13] cannot find symbol
  symbol:   class Map
  location: class vn.io.arda.shared.multitenant.service.CentralPlatformTenantService
[ERROR] /D:/Github/arda.io.vn/arda-shared-kernel/src/main/java/vn/io/arda/shared/multitenant/service/CentralPlatformTenantService.java:[92,83] cannot find symbol
  symbol:   class Map
  location: class vn.io.arda.shared.multitenant.service.CentralPlatformTenantService
[INFO] 2 errors 
[INFO] -------------------------------------------------------------
[INFO] ------------------------------------------------------------------------
[INFO] BUILD FAILURE
[INFO] ------------------------------------------------------------------------
[INFO] Total time:  5.997 s
[INFO] Finished at: 2026-03-04T17:44:10+07:00
[INFO] ------------------------------------------------------------------------
[ERROR] Failed to execute goal org.apache.maven.plugins:maven-compiler-plugin:3.14.1:compile (default-compile) on project arda-shared-kernel: Compilation failure: Compilation failure: 
[ERROR] /D:/Github/arda.io.vn/arda-shared-kernel/src/main/java/vn/io/arda/shared/multitenant/service/CentralPlatformTenantService.java:[89,13] cannot find symbol
[ERROR]   symbol:   class Map
[ERROR]   location: class vn.io.arda.shared.multitenant.service.CentralPlatformTenantService
[ERROR] /D:/Github/arda.io.vn/arda-shared-kernel/src/main/java/vn/io/arda/shared/multitenant/service/CentralPlatformTenantService.java:[92,83] cannot find symbol
[ERROR]   symbol:   class Map
[ERROR]   location: class vn.io.arda.shared.multitenant.service.CentralPlatformTenantService
[ERROR] -> [Help 1]
[ERROR] 
[ERROR] To see the full stack trace of the errors, re-run Maven with the -e switch.
[ERROR] Re-run Maven using the -X switch to enable full debug logging.
[ERROR] 
[ERROR] For more information about the errors and possible solutions, please read the following articles:
[ERROR] [Help 1] http://cwiki.apache.org/confluence/display/MAVEN/MojoFailureException
